2020-04-24 04:29:09 INFO main - rocketmqHome=/home/rocketmq/rocketmq-4.5.0
2020-04-24 04:29:09 INFO main - kvConfigPath=/home/rocketmq/namesrv/kvConfig.json
2020-04-24 04:29:09 INFO main - configStorePath=/home/rocketmq/namesrv/namesrv.properties
2020-04-24 04:29:09 INFO main - productEnvName=center
2020-04-24 04:29:09 INFO main - clusterTest=false
2020-04-24 04:29:09 INFO main - orderMessageEnable=false
2020-04-24 04:29:09 INFO main - listenPort=9876
2020-04-24 04:29:09 INFO main - serverWorkerThreads=8
2020-04-24 04:29:09 INFO main - serverCallbackExecutorThreads=0
2020-04-24 04:29:09 INFO main - serverSelectorThreads=3
2020-04-24 04:29:09 INFO main - serverOnewaySemaphoreValue=256
2020-04-24 04:29:09 INFO main - serverAsyncSemaphoreValue=64
2020-04-24 04:29:09 INFO main - serverChannelMaxIdleTimeSeconds=120
2020-04-24 04:29:09 INFO main - serverSocketSndBufSize=65535
2020-04-24 04:29:09 INFO main - serverSocketRcvBufSize=65535
2020-04-24 04:29:09 INFO main - serverPooledByteBufAllocatorEnable=true
2020-04-24 04:29:09 INFO main - useEpollNativeSelector=false
2020-04-24 04:29:09 INFO main - Server is running in TLS permissive mode
2020-04-24 04:29:09 INFO main - Tls config file doesn't exist, skip it
2020-04-24 04:29:09 INFO main - Log the final used tls related configuration
2020-04-24 04:29:09 INFO main - tls.test.mode.enable = true
2020-04-24 04:29:09 INFO main - tls.server.need.client.auth = none
2020-04-24 04:29:09 INFO main - tls.server.keyPath = null
2020-04-24 04:29:09 INFO main - tls.server.keyPassword = null
2020-04-24 04:29:09 INFO main - tls.server.certPath = null
2020-04-24 04:29:09 INFO main - tls.server.authClient = false
2020-04-24 04:29:09 INFO main - tls.server.trustCertPath = null
2020-04-24 04:29:09 INFO main - tls.client.keyPath = null
2020-04-24 04:29:09 INFO main - tls.client.keyPassword = null
2020-04-24 04:29:09 INFO main - tls.client.certPath = null
2020-04-24 04:29:09 INFO main - tls.client.authServer = false
2020-04-24 04:29:09 INFO main - tls.client.trustCertPath = null
2020-04-24 04:29:11 INFO main - Using OpenSSL provider
2020-04-24 04:29:11 INFO main - SSLContext created for server
2020-04-24 04:29:11 INFO NettyEventExecutor - NettyEventExecutor service started
2020-04-24 04:29:11 INFO main - Try to start service thread:FileWatchService started:false lastThread:null
2020-04-24 04:29:11 INFO FileWatchService - FileWatchService service started
2020-04-24 04:29:11 INFO main - The Name Server boot success. serializeType=JSON
2020-04-24 04:29:12 INFO NettyServerCodecThread_1 - NETTY SERVER PIPELINE: channelRegistered 192.168.0.3:54118
2020-04-24 04:29:12 INFO NettyServerCodecThread_1 - NETTY SERVER PIPELINE: channelActive, the channel[192.168.0.3:54118]
2020-04-24 04:29:12 INFO RemotingExecutorThread_1 - new topic registered, broker-b QueueData [brokerName=broker-b, readQueueNums=1, writeQueueNums=1, perm=7, topicSynFlag=0]
2020-04-24 04:29:12 INFO RemotingExecutorThread_1 - new topic registered, BenchmarkTest QueueData [brokerName=broker-b, readQueueNums=1024, writeQueueNums=1024, perm=6, topicSynFlag=0]
2020-04-24 04:29:12 INFO RemotingExecutorThread_1 - new topic registered, OFFSET_MOVED_EVENT QueueData [brokerName=broker-b, readQueueNums=1, writeQueueNums=1, perm=6, topicSynFlag=0]
2020-04-24 04:29:12 INFO RemotingExecutorThread_1 - new topic registered, TBW102 QueueData [brokerName=broker-b, readQueueNums=8, writeQueueNums=8, perm=7, topicSynFlag=0]
2020-04-24 04:29:12 INFO RemotingExecutorThread_1 - new topic registered, SELF_TEST_TOPIC QueueData [brokerName=broker-b, readQueueNums=1, writeQueueNums=1, perm=6, topicSynFlag=0]
2020-04-24 04:29:12 INFO RemotingExecutorThread_1 - new topic registered, DefaultCluster QueueData [brokerName=broker-b, readQueueNums=16, writeQueueNums=16, perm=7, topicSynFlag=0]
2020-04-24 04:29:12 INFO RemotingExecutorThread_1 - new broker registered, 192.168.0.3:10911 HAServer: 192.168.0.3:10912
2020-04-24 04:29:45 INFO main - rocketmqHome=/home/rocketmq/rocketmq-4.5.0
2020-04-24 04:29:45 INFO main - kvConfigPath=/home/rocketmq/namesrv/kvConfig.json
2020-04-24 04:29:45 INFO main - configStorePath=/home/rocketmq/namesrv/namesrv.properties
2020-04-24 04:29:45 INFO main - productEnvName=center
2020-04-24 04:29:45 INFO main - clusterTest=false
2020-04-24 04:29:45 INFO main - orderMessageEnable=false
2020-04-24 04:29:45 INFO main - listenPort=9876
2020-04-24 04:29:45 INFO main - serverWorkerThreads=8
2020-04-24 04:29:45 INFO main - serverCallbackExecutorThreads=0
2020-04-24 04:29:45 INFO main - serverSelectorThreads=3
2020-04-24 04:29:45 INFO main - serverOnewaySemaphoreValue=256
2020-04-24 04:29:45 INFO main - serverAsyncSemaphoreValue=64
2020-04-24 04:29:45 INFO main - serverChannelMaxIdleTimeSeconds=120
2020-04-24 04:29:45 INFO main - serverSocketSndBufSize=65535
2020-04-24 04:29:45 INFO main - serverSocketRcvBufSize=65535
2020-04-24 04:29:45 INFO main - serverPooledByteBufAllocatorEnable=true
2020-04-24 04:29:45 INFO main - useEpollNativeSelector=false
2020-04-24 04:29:45 INFO main - Server is running in TLS permissive mode
2020-04-24 04:29:45 INFO main - Tls config file doesn't exist, skip it
2020-04-24 04:29:45 INFO main - Log the final used tls related configuration
2020-04-24 04:29:45 INFO main - tls.test.mode.enable = true
2020-04-24 04:29:45 INFO main - tls.server.need.client.auth = none
2020-04-24 04:29:45 INFO main - tls.server.keyPath = null
2020-04-24 04:29:45 INFO main - tls.server.keyPassword = null
2020-04-24 04:29:45 INFO main - tls.server.certPath = null
2020-04-24 04:29:45 INFO main - tls.server.authClient = false
2020-04-24 04:29:45 INFO main - tls.server.trustCertPath = null
2020-04-24 04:29:45 INFO main - tls.client.keyPath = null
2020-04-24 04:29:45 INFO main - tls.client.keyPassword = null
2020-04-24 04:29:45 INFO main - tls.client.certPath = null
2020-04-24 04:29:45 INFO main - tls.client.authServer = false
2020-04-24 04:29:45 INFO main - tls.client.trustCertPath = null
2020-04-24 04:29:46 INFO main - Using OpenSSL provider
2020-04-24 04:29:47 INFO main - SSLContext created for server
2020-04-24 04:29:47 INFO main - Try to start service thread:FileWatchService started:false lastThread:null
2020-04-24 04:29:47 INFO NettyEventExecutor - NettyEventExecutor service started
2020-04-24 04:29:47 INFO FileWatchService - FileWatchService service started
2020-04-24 04:29:47 INFO main - The Name Server boot success. serializeType=JSON
2020-04-24 04:29:48 INFO NettyServerCodecThread_1 - NETTY SERVER PIPELINE: channelRegistered 192.168.16.4:59940
2020-04-24 04:29:48 INFO NettyServerCodecThread_1 - NETTY SERVER PIPELINE: channelActive, the channel[192.168.16.4:59940]
2020-04-24 04:29:48 INFO RemotingExecutorThread_1 - new topic registered, broker-b QueueData [brokerName=broker-b, readQueueNums=1, writeQueueNums=1, perm=7, topicSynFlag=0]
2020-04-24 04:29:48 INFO RemotingExecutorThread_1 - new topic registered, BenchmarkTest QueueData [brokerName=broker-b, readQueueNums=1024, writeQueueNums=1024, perm=6, topicSynFlag=0]
2020-04-24 04:29:48 INFO RemotingExecutorThread_1 - new topic registered, OFFSET_MOVED_EVENT QueueData [brokerName=broker-b, readQueueNums=1, writeQueueNums=1, perm=6, topicSynFlag=0]
2020-04-24 04:29:48 INFO RemotingExecutorThread_1 - new topic registered, TBW102 QueueData [brokerName=broker-b, readQueueNums=8, writeQueueNums=8, perm=7, topicSynFlag=0]
2020-04-24 04:29:48 INFO RemotingExecutorThread_1 - new topic registered, SELF_TEST_TOPIC QueueData [brokerName=broker-b, readQueueNums=1, writeQueueNums=1, perm=6, topicSynFlag=0]
2020-04-24 04:29:48 INFO RemotingExecutorThread_1 - new topic registered, DefaultCluster QueueData [brokerName=broker-b, readQueueNums=16, writeQueueNums=16, perm=7, topicSynFlag=0]
2020-04-24 04:29:48 INFO RemotingExecutorThread_1 - new broker registered, 192.168.16.4:10911 HAServer: 192.168.16.4:10912
2020-04-24 04:30:22 INFO main - rocketmqHome=/home/rocketmq/rocketmq-4.5.0
2020-04-24 04:30:22 INFO main - kvConfigPath=/home/rocketmq/namesrv/kvConfig.json
2020-04-24 04:30:22 INFO main - configStorePath=/home/rocketmq/namesrv/namesrv.properties
2020-04-24 04:30:22 INFO main - productEnvName=center
2020-04-24 04:30:22 INFO main - clusterTest=false
2020-04-24 04:30:22 INFO main - orderMessageEnable=false
2020-04-24 04:30:22 INFO main - listenPort=9876
2020-04-24 04:30:22 INFO main - serverWorkerThreads=8
2020-04-24 04:30:22 INFO main - serverCallbackExecutorThreads=0
2020-04-24 04:30:22 INFO main - serverSelectorThreads=3
2020-04-24 04:30:22 INFO main - serverOnewaySemaphoreValue=256
2020-04-24 04:30:22 INFO main - serverAsyncSemaphoreValue=64
2020-04-24 04:30:22 INFO main - serverChannelMaxIdleTimeSeconds=120
2020-04-24 04:30:22 INFO main - serverSocketSndBufSize=65535
2020-04-24 04:30:22 INFO main - serverSocketRcvBufSize=65535
2020-04-24 04:30:22 INFO main - serverPooledByteBufAllocatorEnable=true
2020-04-24 04:30:22 INFO main - useEpollNativeSelector=false
2020-04-24 04:30:22 INFO main - Server is running in TLS permissive mode
2020-04-24 04:30:22 INFO main - Tls config file doesn't exist, skip it
2020-04-24 04:30:22 INFO main - Log the final used tls related configuration
2020-04-24 04:30:22 INFO main - tls.test.mode.enable = true
2020-04-24 04:30:22 INFO main - tls.server.need.client.auth = none
2020-04-24 04:30:22 INFO main - tls.server.keyPath = null
2020-04-24 04:30:22 INFO main - tls.server.keyPassword = null
2020-04-24 04:30:22 INFO main - tls.server.certPath = null
2020-04-24 04:30:22 INFO main - tls.server.authClient = false
2020-04-24 04:30:22 INFO main - tls.server.trustCertPath = null
2020-04-24 04:30:22 INFO main - tls.client.keyPath = null
2020-04-24 04:30:22 INFO main - tls.client.keyPassword = null
2020-04-24 04:30:22 INFO main - tls.client.certPath = null
2020-04-24 04:30:22 INFO main - tls.client.authServer = false
2020-04-24 04:30:22 INFO main - tls.client.trustCertPath = null
2020-04-24 04:30:23 INFO main - Using OpenSSL provider
2020-04-24 04:30:24 INFO main - SSLContext created for server
2020-04-24 04:30:24 INFO NettyEventExecutor - NettyEventExecutor service started
2020-04-24 04:30:24 INFO main - Try to start service thread:FileWatchService started:false lastThread:null
2020-04-24 04:30:24 INFO FileWatchService - FileWatchService service started
2020-04-24 04:30:24 INFO main - The Name Server boot success. serializeType=JSON
2020-04-24 04:30:26 INFO NettyServerCodecThread_2 - NETTY SERVER PIPELINE: channelRegistered 192.168.32.4:53316
2020-04-24 04:30:26 INFO NettyServerCodecThread_2 - NETTY SERVER PIPELINE: channelActive, the channel[192.168.32.4:53316]
2020-04-24 04:30:26 INFO NettyServerCodecThread_1 - NETTY SERVER PIPELINE: channelRegistered 192.168.32.3:57288
2020-04-24 04:30:26 INFO NettyServerCodecThread_1 - NETTY SERVER PIPELINE: channelActive, the channel[192.168.32.3:57288]
2020-04-24 04:30:26 INFO RemotingExecutorThread_1 - new topic registered, BenchmarkTest QueueData [brokerName=broker-a, readQueueNums=1024, writeQueueNums=1024, perm=6, topicSynFlag=0]
2020-04-24 04:30:26 INFO RemotingExecutorThread_1 - new topic registered, OFFSET_MOVED_EVENT QueueData [brokerName=broker-a, readQueueNums=1, writeQueueNums=1, perm=6, topicSynFlag=0]
2020-04-24 04:30:26 INFO RemotingExecutorThread_1 - new topic registered, broker-a QueueData [brokerName=broker-a, readQueueNums=1, writeQueueNums=1, perm=7, topicSynFlag=0]
2020-04-24 04:30:26 INFO RemotingExecutorThread_1 - new topic registered, TBW102 QueueData [brokerName=broker-a, readQueueNums=8, writeQueueNums=8, perm=7, topicSynFlag=0]
2020-04-24 04:30:26 INFO RemotingExecutorThread_1 - new topic registered, SELF_TEST_TOPIC QueueData [brokerName=broker-a, readQueueNums=1, writeQueueNums=1, perm=6, topicSynFlag=0]
2020-04-24 04:30:26 INFO RemotingExecutorThread_1 - new topic registered, DefaultCluster QueueData [brokerName=broker-a, readQueueNums=16, writeQueueNums=16, perm=7, topicSynFlag=0]
2020-04-24 04:30:26 INFO RemotingExecutorThread_1 - new broker registered, 192.168.32.4:10911 HAServer: 192.168.32.4:10912
2020-04-24 04:30:26 INFO RemotingExecutorThread_2 - new topic registered, broker-b QueueData [brokerName=broker-b, readQueueNums=1, writeQueueNums=1, perm=7, topicSynFlag=0]
2020-04-24 04:30:26 INFO RemotingExecutorThread_2 - new broker registered, 192.168.32.3:10911 HAServer: 192.168.32.3:10912
2020-04-24 04:31:14 INFO NettyServerCodecThread_3 - NETTY SERVER PIPELINE: channelRegistered 192.168.32.1:57188
2020-04-24 04:31:14 INFO NettyServerCodecThread_3 - NETTY SERVER PIPELINE: channelActive, the channel[192.168.32.1:57188]
2020-04-24 04:31:14 INFO NettyServerCodecThread_4 - NETTY SERVER PIPELINE: channelRegistered 192.168.32.1:57192
2020-04-24 04:31:14 INFO NettyServerCodecThread_4 - NETTY SERVER PIPELINE: channelActive, the channel[192.168.32.1:57192]
2020-04-24 04:31:24 INFO NSScheduledThread1 - --------------------------------------------------------
2020-04-24 04:31:24 INFO NSScheduledThread1 - configTable SIZE: 0
2020-04-24 04:31:25 INFO RemotingExecutorThread_7 - new topic registered, RMQ_SYS_TRANS_HALF_TOPIC QueueData [brokerName=broker-b, readQueueNums=1, writeQueueNums=1, perm=6, topicSynFlag=0]
2020-04-24 04:31:42 INFO NettyServerCodecThread_5 - NETTY SERVER PIPELINE: channelRegistered 192.168.32.1:57200
2020-04-24 04:31:42 INFO NettyServerCodecThread_5 - NETTY SERVER PIPELINE: channelActive, the channel[192.168.32.1:57200]
2020-04-24 04:31:42 INFO NettyServerCodecThread_6 - NETTY SERVER PIPELINE: channelRegistered 192.168.32.1:57198
2020-04-24 04:31:42 INFO NettyServerCodecThread_6 - NETTY SERVER PIPELINE: channelActive, the channel[192.168.32.1:57198]
2020-04-24 04:36:28 INFO NettyServerCodecThread_7 - NETTY SERVER PIPELINE: channelRegistered 192.168.32.1:57204
2020-04-24 04:36:28 INFO NettyServerCodecThread_7 - NETTY SERVER PIPELINE: channelActive, the channel[192.168.32.1:57204]
2020-04-24 04:36:28 ERROR NettyServerCodecThread_7 - decode exception, 192.168.32.1:57204
io.netty.handler.codec.TooLongFrameException: Adjusted frame length exceeds 16777216: 1195725860 - discarded
	at io.netty.handler.codec.LengthFieldBasedFrameDecoder.fail(LengthFieldBasedFrameDecoder.java:499) [netty-all-4.0.42.Final.jar:4.0.42.Final]
	at io.netty.handler.codec.LengthFieldBasedFrameDecoder.failIfNecessary(LengthFieldBasedFrameDecoder.java:477) [netty-all-4.0.42.Final.jar:4.0.42.Final]
	at io.netty.handler.codec.LengthFieldBasedFrameDecoder.decode(LengthFieldBasedFrameDecoder.java:403) [netty-all-4.0.42.Final.jar:4.0.42.Final]
	at org.apache.rocketmq.remoting.netty.NettyDecoder.decode(NettyDecoder.java:43) ~[rocketmq-remoting-4.5.0.jar:4.5.0]
	at io.netty.handler.codec.LengthFieldBasedFrameDecoder.decode(LengthFieldBasedFrameDecoder.java:343) [netty-all-4.0.42.Final.jar:4.0.42.Final]
	at io.netty.handler.codec.ByteToMessageDecoder.callDecode(ByteToMessageDecoder.java:411) [netty-all-4.0.42.Final.jar:4.0.42.Final]
	at io.netty.handler.codec.ByteToMessageDecoder.channelRead(ByteToMessageDecoder.java:248) [netty-all-4.0.42.Final.jar:4.0.42.Final]
	at io.netty.channel.AbstractChannelHandlerContext.invokeChannelRead(AbstractChannelHandlerContext.java:367) [netty-all-4.0.42.Final.jar:4.0.42.Final]
	at io.netty.channel.AbstractChannelHandlerContext.invokeChannelRead(AbstractChannelHandlerContext.java:353) [netty-all-4.0.42.Final.jar:4.0.42.Final]
	at io.netty.channel.AbstractChannelHandlerContext.fireChannelRead(AbstractChannelHandlerContext.java:346) [netty-all-4.0.42.Final.jar:4.0.42.Final]
	at org.apache.rocketmq.remoting.netty.NettyRemotingServer$HandshakeHandler.channelRead0(NettyRemotingServer.java:395) [rocketmq-remoting-4.5.0.jar:4.5.0]
	at org.apache.rocketmq.remoting.netty.NettyRemotingServer$HandshakeHandler.channelRead0(NettyRemotingServer.java:337) [rocketmq-remoting-4.5.0.jar:4.5.0]
	at io.netty.channel.SimpleChannelInboundHandler.channelRead(SimpleChannelInboundHandler.java:105) [netty-all-4.0.42.Final.jar:4.0.42.Final]
	at io.netty.channel.AbstractChannelHandlerContext.invokeChannelRead(AbstractChannelHandlerContext.java:367) [netty-all-4.0.42.Final.jar:4.0.42.Final]
	at io.netty.channel.AbstractChannelHandlerContext.access$600(AbstractChannelHandlerContext.java:36) [netty-all-4.0.42.Final.jar:4.0.42.Final]
	at io.netty.channel.AbstractChannelHandlerContext$7.run(AbstractChannelHandlerContext.java:358) [netty-all-4.0.42.Final.jar:4.0.42.Final]
	at io.netty.util.concurrent.DefaultEventExecutor.run(DefaultEventExecutor.java:41) [netty-all-4.0.42.Final.jar:4.0.42.Final]
	at io.netty.util.concurrent.SingleThreadEventExecutor$2.run(SingleThreadEventExecutor.java:140) [netty-all-4.0.42.Final.jar:4.0.42.Final]
	at java.lang.Thread.run(Thread.java:748) [na:1.8.0_232]
2020-04-24 04:36:28 INFO NettyServerNIOSelector_3_1 - closeChannel: close the connection to remote address[192.168.32.1:57204] result: true
2020-04-24 04:36:28 INFO NettyServerCodecThread_7 - NETTY SERVER PIPELINE: channelInactive, the channel[192.168.32.1:57204]
2020-04-24 04:36:28 INFO NettyServerCodecThread_7 - NETTY SERVER PIPELINE: channelUnregistered, the channel[192.168.32.1:57204]
2020-04-24 04:36:28 INFO NettyServerCodecThread_8 - NETTY SERVER PIPELINE: channelRegistered 192.168.32.1:57208
2020-04-24 04:36:28 INFO NettyServerCodecThread_8 - NETTY SERVER PIPELINE: channelActive, the channel[192.168.32.1:57208]
2020-04-24 04:36:28 ERROR NettyServerCodecThread_8 - decode exception, 192.168.32.1:57208
io.netty.handler.codec.TooLongFrameException: Adjusted frame length exceeds 16777216: 1195725860 - discarded
	at io.netty.handler.codec.LengthFieldBasedFrameDecoder.fail(LengthFieldBasedFrameDecoder.java:499) [netty-all-4.0.42.Final.jar:4.0.42.Final]
	at io.netty.handler.codec.LengthFieldBasedFrameDecoder.failIfNecessary(LengthFieldBasedFrameDecoder.java:477) [netty-all-4.0.42.Final.jar:4.0.42.Final]
	at io.netty.handler.codec.LengthFieldBasedFrameDecoder.decode(LengthFieldBasedFrameDecoder.java:403) [netty-all-4.0.42.Final.jar:4.0.42.Final]
	at org.apache.rocketmq.remoting.netty.NettyDecoder.decode(NettyDecoder.java:43) ~[rocketmq-remoting-4.5.0.jar:4.5.0]
	at io.netty.handler.codec.LengthFieldBasedFrameDecoder.decode(LengthFieldBasedFrameDecoder.java:343) [netty-all-4.0.42.Final.jar:4.0.42.Final]
	at io.netty.handler.codec.ByteToMessageDecoder.callDecode(ByteToMessageDecoder.java:411) [netty-all-4.0.42.Final.jar:4.0.42.Final]
	at io.netty.handler.codec.ByteToMessageDecoder.channelRead(ByteToMessageDecoder.java:248) [netty-all-4.0.42.Final.jar:4.0.42.Final]
	at io.netty.channel.AbstractChannelHandlerContext.invokeChannelRead(AbstractChannelHandlerContext.java:367) [netty-all-4.0.42.Final.jar:4.0.42.Final]
	at io.netty.channel.AbstractChannelHandlerContext.invokeChannelRead(AbstractChannelHandlerContext.java:353) [netty-all-4.0.42.Final.jar:4.0.42.Final]
	at io.netty.channel.AbstractChannelHandlerContext.fireChannelRead(AbstractChannelHandlerContext.java:346) [netty-all-4.0.42.Final.jar:4.0.42.Final]
	at org.apache.rocketmq.remoting.netty.NettyRemotingServer$HandshakeHandler.channelRead0(NettyRemotingServer.java:395) [rocketmq-remoting-4.5.0.jar:4.5.0]
	at org.apache.rocketmq.remoting.netty.NettyRemotingServer$HandshakeHandler.channelRead0(NettyRemotingServer.java:337) [rocketmq-remoting-4.5.0.jar:4.5.0]
	at io.netty.channel.SimpleChannelInboundHandler.channelRead(SimpleChannelInboundHandler.java:105) [netty-all-4.0.42.Final.jar:4.0.42.Final]
	at io.netty.channel.AbstractChannelHandlerContext.invokeChannelRead(AbstractChannelHandlerContext.java:367) [netty-all-4.0.42.Final.jar:4.0.42.Final]
	at io.netty.channel.AbstractChannelHandlerContext.access$600(AbstractChannelHandlerContext.java:36) [netty-all-4.0.42.Final.jar:4.0.42.Final]
	at io.netty.channel.AbstractChannelHandlerContext$7.run(AbstractChannelHandlerContext.java:358) [netty-all-4.0.42.Final.jar:4.0.42.Final]
	at io.netty.util.concurrent.DefaultEventExecutor.run(DefaultEventExecutor.java:41) [netty-all-4.0.42.Final.jar:4.0.42.Final]
	at io.netty.util.concurrent.SingleThreadEventExecutor$2.run(SingleThreadEventExecutor.java:140) [netty-all-4.0.42.Final.jar:4.0.42.Final]
	at java.lang.Thread.run(Thread.java:748) [na:1.8.0_232]
2020-04-24 04:36:28 INFO NettyServerNIOSelector_3_2 - closeChannel: close the connection to remote address[192.168.32.1:57208] result: true
2020-04-24 04:36:28 INFO NettyServerCodecThread_8 - NETTY SERVER PIPELINE: channelInactive, the channel[192.168.32.1:57208]
2020-04-24 04:36:28 INFO NettyServerCodecThread_8 - NETTY SERVER PIPELINE: channelUnregistered, the channel[192.168.32.1:57208]
2020-04-24 04:36:33 INFO NettyServerCodecThread_1 - NETTY SERVER PIPELINE: channelRegistered 192.168.32.1:57212
2020-04-24 04:36:33 INFO NettyServerCodecThread_1 - NETTY SERVER PIPELINE: channelActive, the channel[192.168.32.1:57212]
2020-04-24 04:36:33 ERROR NettyServerCodecThread_1 - decode exception, 192.168.32.1:57212
io.netty.handler.codec.TooLongFrameException: Adjusted frame length exceeds 16777216: 1195725860 - discarded
	at io.netty.handler.codec.LengthFieldBasedFrameDecoder.fail(LengthFieldBasedFrameDecoder.java:499) [netty-all-4.0.42.Final.jar:4.0.42.Final]
	at io.netty.handler.codec.LengthFieldBasedFrameDecoder.failIfNecessary(LengthFieldBasedFrameDecoder.java:477) [netty-all-4.0.42.Final.jar:4.0.42.Final]
	at io.netty.handler.codec.LengthFieldBasedFrameDecoder.decode(LengthFieldBasedFrameDecoder.java:403) [netty-all-4.0.42.Final.jar:4.0.42.Final]
	at org.apache.rocketmq.remoting.netty.NettyDecoder.decode(NettyDecoder.java:43) ~[rocketmq-remoting-4.5.0.jar:4.5.0]
	at io.netty.handler.codec.LengthFieldBasedFrameDecoder.decode(LengthFieldBasedFrameDecoder.java:343) [netty-all-4.0.42.Final.jar:4.0.42.Final]
	at io.netty.handler.codec.ByteToMessageDecoder.callDecode(ByteToMessageDecoder.java:411) [netty-all-4.0.42.Final.jar:4.0.42.Final]
	at io.netty.handler.codec.ByteToMessageDecoder.channelRead(ByteToMessageDecoder.java:248) [netty-all-4.0.42.Final.jar:4.0.42.Final]
	at io.netty.channel.AbstractChannelHandlerContext.invokeChannelRead(AbstractChannelHandlerContext.java:367) [netty-all-4.0.42.Final.jar:4.0.42.Final]
	at io.netty.channel.AbstractChannelHandlerContext.invokeChannelRead(AbstractChannelHandlerContext.java:353) [netty-all-4.0.42.Final.jar:4.0.42.Final]
	at io.netty.channel.AbstractChannelHandlerContext.fireChannelRead(AbstractChannelHandlerContext.java:346) [netty-all-4.0.42.Final.jar:4.0.42.Final]
	at org.apache.rocketmq.remoting.netty.NettyRemotingServer$HandshakeHandler.channelRead0(NettyRemotingServer.java:395) [rocketmq-remoting-4.5.0.jar:4.5.0]
	at org.apache.rocketmq.remoting.netty.NettyRemotingServer$HandshakeHandler.channelRead0(NettyRemotingServer.java:337) [rocketmq-remoting-4.5.0.jar:4.5.0]
	at io.netty.channel.SimpleChannelInboundHandler.channelRead(SimpleChannelInboundHandler.java:105) [netty-all-4.0.42.Final.jar:4.0.42.Final]
	at io.netty.channel.AbstractChannelHandlerContext.invokeChannelRead(AbstractChannelHandlerContext.java:367) [netty-all-4.0.42.Final.jar:4.0.42.Final]
	at io.netty.channel.AbstractChannelHandlerContext.access$600(AbstractChannelHandlerContext.java:36) [netty-all-4.0.42.Final.jar:4.0.42.Final]
	at io.netty.channel.AbstractChannelHandlerContext$7.run(AbstractChannelHandlerContext.java:358) [netty-all-4.0.42.Final.jar:4.0.42.Final]
	at io.netty.util.concurrent.DefaultEventExecutor.run(DefaultEventExecutor.java:41) [netty-all-4.0.42.Final.jar:4.0.42.Final]
	at io.netty.util.concurrent.SingleThreadEventExecutor$2.run(SingleThreadEventExecutor.java:140) [netty-all-4.0.42.Final.jar:4.0.42.Final]
	at java.lang.Thread.run(Thread.java:748) [na:1.8.0_232]
2020-04-24 04:36:33 INFO NettyServerNIOSelector_3_3 - closeChannel: close the connection to remote address[192.168.32.1:57212] result: true
2020-04-24 04:36:33 INFO NettyServerCodecThread_1 - NETTY SERVER PIPELINE: channelInactive, the channel[192.168.32.1:57212]
2020-04-24 04:36:33 INFO NettyServerCodecThread_1 - NETTY SERVER PIPELINE: channelUnregistered, the channel[192.168.32.1:57212]
2020-04-24 04:41:24 INFO NSScheduledThread1 - --------------------------------------------------------
2020-04-24 04:41:24 INFO NSScheduledThread1 - configTable SIZE: 0
2020-04-24 04:42:24 INFO main - rocketmqHome=/home/rocketmq/rocketmq-4.5.0
2020-04-24 04:42:24 INFO main - kvConfigPath=/home/rocketmq/namesrv/kvConfig.json
2020-04-24 04:42:24 INFO main - configStorePath=/home/rocketmq/namesrv/namesrv.properties
2020-04-24 04:42:24 INFO main - productEnvName=center
2020-04-24 04:42:24 INFO main - clusterTest=false
2020-04-24 04:42:24 INFO main - orderMessageEnable=false
2020-04-24 04:42:24 INFO main - listenPort=9876
2020-04-24 04:42:24 INFO main - serverWorkerThreads=8
2020-04-24 04:42:24 INFO main - serverCallbackExecutorThreads=0
2020-04-24 04:42:24 INFO main - serverSelectorThreads=3
2020-04-24 04:42:24 INFO main - serverOnewaySemaphoreValue=256
2020-04-24 04:42:24 INFO main - serverAsyncSemaphoreValue=64
2020-04-24 04:42:24 INFO main - serverChannelMaxIdleTimeSeconds=120
2020-04-24 04:42:24 INFO main - serverSocketSndBufSize=65535
2020-04-24 04:42:24 INFO main - serverSocketRcvBufSize=65535
2020-04-24 04:42:24 INFO main - serverPooledByteBufAllocatorEnable=true
2020-04-24 04:42:24 INFO main - useEpollNativeSelector=false
2020-04-24 04:42:25 INFO main - Server is running in TLS permissive mode
2020-04-24 04:42:25 INFO main - Tls config file doesn't exist, skip it
2020-04-24 04:42:25 INFO main - Log the final used tls related configuration
2020-04-24 04:42:25 INFO main - tls.test.mode.enable = true
2020-04-24 04:42:25 INFO main - tls.server.need.client.auth = none
2020-04-24 04:42:25 INFO main - tls.server.keyPath = null
2020-04-24 04:42:25 INFO main - tls.server.keyPassword = null
2020-04-24 04:42:25 INFO main - tls.server.certPath = null
2020-04-24 04:42:25 INFO main - tls.server.authClient = false
2020-04-24 04:42:25 INFO main - tls.server.trustCertPath = null
2020-04-24 04:42:25 INFO main - tls.client.keyPath = null
2020-04-24 04:42:25 INFO main - tls.client.keyPassword = null
2020-04-24 04:42:25 INFO main - tls.client.certPath = null
2020-04-24 04:42:25 INFO main - tls.client.authServer = false
2020-04-24 04:42:25 INFO main - tls.client.trustCertPath = null
2020-04-24 04:42:26 INFO main - Using OpenSSL provider
2020-04-24 04:42:27 INFO main - SSLContext created for server
2020-04-24 04:42:27 INFO main - Try to start service thread:FileWatchService started:false lastThread:null
2020-04-24 04:42:27 INFO NettyEventExecutor - NettyEventExecutor service started
2020-04-24 04:42:27 INFO FileWatchService - FileWatchService service started
2020-04-24 04:42:27 INFO main - The Name Server boot success. serializeType=JSON
2020-04-24 04:42:29 INFO NettyServerCodecThread_2 - NETTY SERVER PIPELINE: channelRegistered 192.168.48.3:42942
2020-04-24 04:42:29 INFO NettyServerCodecThread_2 - NETTY SERVER PIPELINE: channelActive, the channel[192.168.48.3:42942]
2020-04-24 04:42:29 INFO NettyServerCodecThread_1 - NETTY SERVER PIPELINE: channelRegistered 192.168.48.4:44012
2020-04-24 04:42:29 INFO NettyServerCodecThread_1 - NETTY SERVER PIPELINE: channelActive, the channel[192.168.48.4:44012]
2020-04-24 04:42:29 INFO RemotingExecutorThread_1 - new topic registered, RMQ_SYS_TRANS_HALF_TOPIC QueueData [brokerName=broker-a, readQueueNums=1, writeQueueNums=1, perm=6, topicSynFlag=0]
2020-04-24 04:42:29 INFO RemotingExecutorThread_1 - new topic registered, BenchmarkTest QueueData [brokerName=broker-a, readQueueNums=1024, writeQueueNums=1024, perm=6, topicSynFlag=0]
2020-04-24 04:42:29 INFO RemotingExecutorThread_1 - new topic registered, OFFSET_MOVED_EVENT QueueData [brokerName=broker-a, readQueueNums=1, writeQueueNums=1, perm=6, topicSynFlag=0]
2020-04-24 04:42:29 INFO RemotingExecutorThread_1 - new topic registered, broker-a QueueData [brokerName=broker-a, readQueueNums=1, writeQueueNums=1, perm=7, topicSynFlag=0]
2020-04-24 04:42:29 INFO RemotingExecutorThread_1 - new topic registered, TBW102 QueueData [brokerName=broker-a, readQueueNums=8, writeQueueNums=8, perm=7, topicSynFlag=0]
2020-04-24 04:42:29 INFO RemotingExecutorThread_1 - new topic registered, SELF_TEST_TOPIC QueueData [brokerName=broker-a, readQueueNums=1, writeQueueNums=1, perm=6, topicSynFlag=0]
2020-04-24 04:42:29 INFO RemotingExecutorThread_1 - new topic registered, DefaultCluster QueueData [brokerName=broker-a, readQueueNums=16, writeQueueNums=16, perm=7, topicSynFlag=0]
2020-04-24 04:42:29 INFO RemotingExecutorThread_1 - new broker registered, 192.168.48.3:10911 HAServer: 192.168.48.3:10912
2020-04-24 04:42:29 INFO RemotingExecutorThread_2 - new topic registered, broker-b QueueData [brokerName=broker-b, readQueueNums=1, writeQueueNums=1, perm=7, topicSynFlag=0]
2020-04-24 04:42:29 INFO RemotingExecutorThread_2 - new broker registered, 192.168.48.4:10911 HAServer: 192.168.48.4:10912
2020-04-24 04:42:34 INFO NettyServerCodecThread_3 - NETTY SERVER PIPELINE: channelRegistered 192.168.48.1:37298
2020-04-24 04:42:34 INFO NettyServerCodecThread_3 - NETTY SERVER PIPELINE: channelActive, the channel[192.168.48.1:37298]
2020-04-24 04:42:42 INFO NettyServerCodecThread_4 - NETTY SERVER PIPELINE: channelRegistered 192.168.48.1:37304
2020-04-24 04:42:42 INFO NettyServerCodecThread_4 - NETTY SERVER PIPELINE: channelActive, the channel[192.168.48.1:37304]
2020-04-24 04:42:42 INFO NettyServerCodecThread_5 - NETTY SERVER PIPELINE: channelRegistered 192.168.48.1:37308
2020-04-24 04:42:42 INFO NettyServerCodecThread_5 - NETTY SERVER PIPELINE: channelActive, the channel[192.168.48.1:37308]
2020-04-24 04:42:44 INFO NettyServerCodecThread_6 - NETTY SERVER PIPELINE: channelRegistered 192.168.48.1:37312
2020-04-24 04:42:44 INFO NettyServerCodecThread_6 - NETTY SERVER PIPELINE: channelActive, the channel[192.168.48.1:37312]
2020-04-24 04:43:14 INFO main - rocketmqHome=/home/rocketmq/rocketmq-4.5.0
2020-04-24 04:43:14 INFO main - kvConfigPath=/home/rocketmq/namesrv/kvConfig.json
2020-04-24 04:43:14 INFO main - configStorePath=/home/rocketmq/namesrv/namesrv.properties
2020-04-24 04:43:14 INFO main - productEnvName=center
2020-04-24 04:43:14 INFO main - clusterTest=false
2020-04-24 04:43:14 INFO main - orderMessageEnable=false
2020-04-24 04:43:14 INFO main - listenPort=9876
2020-04-24 04:43:14 INFO main - serverWorkerThreads=8
2020-04-24 04:43:14 INFO main - serverCallbackExecutorThreads=0
2020-04-24 04:43:14 INFO main - serverSelectorThreads=3
2020-04-24 04:43:14 INFO main - serverOnewaySemaphoreValue=256
2020-04-24 04:43:14 INFO main - serverAsyncSemaphoreValue=64
2020-04-24 04:43:14 INFO main - serverChannelMaxIdleTimeSeconds=120
2020-04-24 04:43:14 INFO main - serverSocketSndBufSize=65535
2020-04-24 04:43:14 INFO main - serverSocketRcvBufSize=65535
2020-04-24 04:43:14 INFO main - serverPooledByteBufAllocatorEnable=true
2020-04-24 04:43:14 INFO main - useEpollNativeSelector=false
2020-04-24 04:43:14 INFO main - Server is running in TLS permissive mode
2020-04-24 04:43:14 INFO main - Tls config file doesn't exist, skip it
2020-04-24 04:43:14 INFO main - Log the final used tls related configuration
2020-04-24 04:43:14 INFO main - tls.test.mode.enable = true
2020-04-24 04:43:14 INFO main - tls.server.need.client.auth = none
2020-04-24 04:43:14 INFO main - tls.server.keyPath = null
2020-04-24 04:43:14 INFO main - tls.server.keyPassword = null
2020-04-24 04:43:14 INFO main - tls.server.certPath = null
2020-04-24 04:43:14 INFO main - tls.server.authClient = false
2020-04-24 04:43:14 INFO main - tls.server.trustCertPath = null
2020-04-24 04:43:14 INFO main - tls.client.keyPath = null
2020-04-24 04:43:14 INFO main - tls.client.keyPassword = null
2020-04-24 04:43:14 INFO main - tls.client.certPath = null
2020-04-24 04:43:14 INFO main - tls.client.authServer = false
2020-04-24 04:43:14 INFO main - tls.client.trustCertPath = null
2020-04-24 04:43:15 INFO main - Using OpenSSL provider
2020-04-24 04:43:16 INFO main - SSLContext created for server
2020-04-24 04:43:16 INFO main - Try to start service thread:FileWatchService started:false lastThread:null
2020-04-24 04:43:16 INFO NettyEventExecutor - NettyEventExecutor service started
2020-04-24 04:43:16 INFO main - The Name Server boot success. serializeType=JSON
2020-04-24 04:43:16 INFO FileWatchService - FileWatchService service started
2020-04-24 04:43:17 INFO NettyServerCodecThread_1 - NETTY SERVER PIPELINE: channelRegistered 192.168.80.1:54778
2020-04-24 04:43:17 INFO NettyServerCodecThread_1 - NETTY SERVER PIPELINE: channelActive, the channel[192.168.80.1:54778]
2020-04-24 04:43:42 INFO NettyServerCodecThread_2 - NETTY SERVER PIPELINE: channelRegistered 192.168.80.1:54794
2020-04-24 04:43:42 INFO NettyServerCodecThread_2 - NETTY SERVER PIPELINE: channelActive, the channel[192.168.80.1:54794]
2020-04-24 04:43:42 INFO NettyServerCodecThread_3 - NETTY SERVER PIPELINE: channelRegistered 192.168.80.1:54798
2020-04-24 04:43:42 INFO NettyServerCodecThread_3 - NETTY SERVER PIPELINE: channelActive, the channel[192.168.80.1:54798]
2020-04-24 04:43:44 INFO NettyServerCodecThread_4 - NETTY SERVER PIPELINE: channelRegistered 192.168.80.1:54802
2020-04-24 04:43:44 INFO NettyServerCodecThread_4 - NETTY SERVER PIPELINE: channelActive, the channel[192.168.80.1:54802]
2020-04-24 04:44:16 INFO NSScheduledThread1 - --------------------------------------------------------
2020-04-24 04:44:16 INFO NSScheduledThread1 - configTable SIZE: 0
